{"D:\\NodeMongo\\node-ndev\\mongose-connect\\src\\middlewares\\auth.js": {"path":"D:\\NodeMongo\\node-ndev\\mongose-connect\\src\\middlewares\\auth.js","statementMap":{"0":{"start":{"line":1,"column":12},"end":{"line":1,"column":35}},"1":{"start":{"line":2,"column":13},"end":{"line":2,"column":38}},"2":{"start":{"line":4,"column":17},"end":{"line":26,"column":1}},"3":{"start":{"line":5,"column":2},"end":{"line":25,"column":3}},"4":{"start":{"line":7,"column":22},"end":{"line":7,"column":33}},"5":{"start":{"line":8,"column":4},"end":{"line":10,"column":5}},"6":{"start":{"line":9,"column":6},"end":{"line":9,"column":42}},"7":{"start":{"line":11,"column":23},"end":{"line":11,"column":64}},"8":{"start":{"line":14,"column":20},"end":{"line":14,"column":30}},"9":{"start":{"line":15,"column":17},"end":{"line":15,"column":41}},"10":{"start":{"line":18,"column":4},"end":{"line":20,"column":5}},"11":{"start":{"line":19,"column":6},"end":{"line":19,"column":41}},"12":{"start":{"line":21,"column":4},"end":{"line":21,"column":20}},"13":{"start":{"line":22,"column":4},"end":{"line":22,"column":11}},"14":{"start":{"line":24,"column":4},"end":{"line":24,"column":51}},"15":{"start":{"line":28,"column":0},"end":{"line":30,"column":2}}},"fnMap":{"0":{"name":"(anonymous_0)","decl":{"start":{"line":4,"column":17},"end":{"line":4,"column":18}},"loc":{"start":{"line":4,"column":43},"end":{"line":26,"column":1}},"line":4}},"branchMap":{"0":{"loc":{"start":{"line":8,"column":4},"end":{"line":10,"column":5}},"type":"if","locations":[{"start":{"line":8,"column":4},"end":{"line":10,"column":5}},{"start":{},"end":{}}],"line":8},"1":{"loc":{"start":{"line":18,"column":4},"end":{"line":20,"column":5}},"type":"if","locations":[{"start":{"line":18,"column":4},"end":{"line":20,"column":5}},{"start":{},"end":{}}],"line":18}},"s":{"0":1,"1":1,"2":1,"3":0,"4":0,"5":0,"6":0,"7":0,"8":0,"9":0,"10":0,"11":0,"12":0,"13":0,"14":0,"15":1},"f":{"0":0},"b":{"0":[0,0],"1":[0,0]},"_coverageSchema":"1a1c01bbd47fc00a2c39e90264f33305004495a9","hash":"eb0ec87ec714fc25ecc6c29f8b7fecfb147ebebf"}
,"D:\\NodeMongo\\node-ndev\\mongose-connect\\src\\models\\user.js": {"path":"D:\\NodeMongo\\node-ndev\\mongose-connect\\src\\models\\user.js","statementMap":{"0":{"start":{"line":1,"column":17},"end":{"line":1,"column":36}},"1":{"start":{"line":2,"column":18},"end":{"line":2,"column":38}},"2":{"start":{"line":3,"column":12},"end":{"line":3,"column":35}},"3":{"start":{"line":4,"column":15},"end":{"line":4,"column":32}},"4":{"start":{"line":6,"column":19},"end":{"line":58,"column":1}},"5":{"start":{"line":22,"column":8},"end":{"line":24,"column":9}},"6":{"start":{"line":23,"column":10},"end":{"line":23,"column":51}},"7":{"start":{"line":37,"column":8},"end":{"line":39,"column":9}},"8":{"start":{"line":38,"column":10},"end":{"line":38,"column":54}},"9":{"start":{"line":60,"column":0},"end":{"line":66,"column":2}},"10":{"start":{"line":61,"column":15},"end":{"line":61,"column":19}},"11":{"start":{"line":62,"column":16},"end":{"line":64,"column":4}},"12":{"start":{"line":65,"column":2},"end":{"line":65,"column":15}},"13":{"start":{"line":68,"column":0},"end":{"line":76,"column":2}},"14":{"start":{"line":69,"column":15},"end":{"line":69,"column":19}},"15":{"start":{"line":70,"column":22},"end":{"line":70,"column":35}},"16":{"start":{"line":71,"column":26},"end":{"line":74,"column":3}},"17":{"start":{"line":75,"column":2},"end":{"line":75,"column":25}},"18":{"start":{"line":78,"column":13},"end":{"line":78,"column":47}},"19":{"start":{"line":80,"column":0},"end":{"line":80,"column":22}}},"fnMap":{"0":{"name":"(anonymous_0)","decl":{"start":{"line":21,"column":6},"end":{"line":21,"column":7}},"loc":{"start":{"line":21,"column":22},"end":{"line":25,"column":7}},"line":21},"1":{"name":"(anonymous_1)","decl":{"start":{"line":36,"column":6},"end":{"line":36,"column":7}},"loc":{"start":{"line":36,"column":22},"end":{"line":40,"column":7}},"line":36},"2":{"name":"(anonymous_2)","decl":{"start":{"line":60,"column":28},"end":{"line":60,"column":29}},"loc":{"start":{"line":60,"column":46},"end":{"line":66,"column":1}},"line":60},"3":{"name":"(anonymous_3)","decl":{"start":{"line":68,"column":38},"end":{"line":68,"column":39}},"loc":{"start":{"line":68,"column":75},"end":{"line":76,"column":1}},"line":68}},"branchMap":{"0":{"loc":{"start":{"line":22,"column":8},"end":{"line":24,"column":9}},"type":"if","locations":[{"start":{"line":22,"column":8},"end":{"line":24,"column":9}},{"start":{},"end":{}}],"line":22},"1":{"loc":{"start":{"line":37,"column":8},"end":{"line":39,"column":9}},"type":"if","locations":[{"start":{"line":37,"column":8},"end":{"line":39,"column":9}},{"start":{},"end":{}}],"line":37}},"s":{"0":1,"1":1,"2":1,"3":1,"4":1,"5":0,"6":0,"7":0,"8":0,"9":1,"10":0,"11":0,"12":0,"13":1,"14":0,"15":0,"16":0,"17":0,"18":1,"19":1},"f":{"0":0,"1":0,"2":0,"3":0},"b":{"0":[0,0],"1":[0,0]},"_coverageSchema":"1a1c01bbd47fc00a2c39e90264f33305004495a9","hash":"c96407ec6ee3e14868b2fd0affe25d82cece30e0"}
}
